Diagnose log at 2023-10-30T04:23:45Z

Executable: C:\Program Files\Git\mingw64\bin\git-credential-manager-core.exe
Version: 2.0.785+6074e4e3d3

------------
Diagnostic: Environment
Skipped: False
Success: True
Exception: None
Log:
OSType: Windows
OSVersion: 10.0 (build 22621)
Reading environment variables... OK
 Variables:
PROCESSOR_ARCHITEW6432=AMD64
DriverData=C:\Windows\System32\Drivers\DriverData
COMPUTERNAME=LAPTOP-LO0KN0O7
MSYSTEM=MINGW64
CommonProgramFiles(x86)=C:\Program Files (x86)\Common Files
OneDrive=C:\Users\LENOVO\OneDrive
HOMEPATH=\Users\LENOVO
HOME=C:\Users\LENOVO
PROCESSOR_REVISION=6001
PATHEXT=.COM;.EXE;.BAT;.CMD;.VBS;.VBE;.JS;.JSE;.WSF;.WSH;.MSC
_=C:/Program Files/Git/mingw64/bin/git-credential-manager-core
EFC_17052=1
TMP=C:\Users\LENOVO\AppData\Local\Temp
PWD=C:/xampp/htdocs/Projeck UAS
TEMP=C:\Users\LENOVO\AppData\Local\Temp
SYSTEMROOT=C:\WINDOWS
PUBLIC=C:\Users\Public
TERM=xterm-256color
SYSTEMDRIVE=C:
USERDOMAIN=LAPTOP-LO0KN0O7
ProgramFiles(x86)=C:\Program Files (x86)
PROCESSOR_LEVEL=23
PROCESSOR_IDENTIFIER=AMD64 Family 23 Model 96 Stepping 1, AuthenticAMD
SHLVL=1
PSModulePath=C:\Program Files\WindowsPowerShell\Modules;C:\WINDOWS\system32\WindowsPowerShell\v1.0\Modules
NUMBER_OF_PROCESSORS=12
asl.log=Destination=file
PROGRAMFILES=C:\Program Files (x86)
ProgramData=C:\ProgramData
ProgramW6432=C:\Program Files
PATH=C:\Program Files\Git\mingw64\bin;C:\Program Files\Git\usr\bin;C:\Users\LENOVO\bin;C:\Program Files\Common Files\Oracle\Java\javapath;C:\Program Files (x86)\Common Files\Oracle\Java\javapath;C:\Windows\system32;C:\Windows;C:\Windows\System32\Wbem;C:\Windows\System32\WindowsPowerShell\v1.0\;C:\Windows\System32\OpenSSH\;C:\Program Files (x86)\NVIDIA Corporation\PhysX\Common;C:\Program Files\NVIDIA Corporation\NVIDIA NvDLISR;C:\WINDOWS\system32;C:\WINDOWS;C:\WINDOWS\System32\Wbem;C:\WINDOWS\System32\WindowsPowerShell\v1.0\;C:\WINDOWS\System32\OpenSSH\;C:\Program Files\dotnet\;C:\Users\LENOVO\AppData\Roaming\Microsoft\Windows\Start Menu\Programs\Python 3.9;C:\Program Files\Git\cmd;C:\Program Files\nodejs\;C:\Program Files\Git\bin;C:\Users\LENOVO\AppData\Local\Programs\Python\Python310\Scripts\;C:\Users\LENOVO\AppData\Local\Programs\Python\Python310\;C:\Users\LENOVO\AppData\Local\Microsoft\WindowsApps;C:\Users\LENOVO\AppData\Roaming\Microsoft\Windows\Start Menu\Programs\Python 3.9;C:\Users\LENOVO\AppData\Local\Programs\Microsoft VS Code\bin;C:\Users\LENOVO\AppData\Roaming\npm
PLINK_PROTOCOL=ssh
SESSIONNAME=Console
LOCALAPPDATA=C:\Users\LENOVO\AppData\Local
COMSPEC=C:\WINDOWS\system32\cmd.exe
LOGONSERVER=\\LAPTOP-LO0KN0O7
USERPROFILE=C:\Users\LENOVO
CommonProgramW6432=C:\Program Files\Common Files
COMMONPROGRAMFILES=C:\Program Files (x86)\Common Files
USERDOMAIN_ROAMINGPROFILE=LAPTOP-LO0KN0O7
APPDATA=C:\Users\LENOVO\AppData\Roaming
HOMEDRIVE=C:
EXEPATH=C:\Program Files\Git\bin
USERNAME=LENOVO
WINDIR=C:\WINDOWS
PROCESSOR_ARCHITECTURE=x86
PS1=\[\033]0;$TITLEPREFIX:$PWD\007\]\n\[\033[32m\]\u@\h \[\033[35m\]$MSYSTEM \[\033[33m\]\w\[\033[36m\]`__git_ps1`\[\033[0m\]\n$ 
OS=Windows_NT
VBOX_MSI_INSTALL_PATH=C:\Program Files\Oracle\VirtualBox\
OneDriveConsumer=C:\Users\LENOVO\OneDrive
ALLUSERSPROFILE=C:\ProgramData


------------
Diagnostic: File system
Skipped: False
Success: True
Exception: None
Log:
Temporary directory is 'C:\Users\LENOVO\AppData\Local\Temp\'...
Checking basic file I/O...
Writing to temporary file 'C:\Users\LENOVO\AppData\Local\Temp\53574f0faae6613e79e9b0ec'... OK
Reading from temporary file 'C:\Users\LENOVO\AppData\Local\Temp\53574f0faae6613e79e9b0ec'... OK
Deleting temporary file 'C:\Users\LENOVO\AppData\Local\Temp\53574f0faae6613e79e9b0ec'... OK
Testing IFileSystem instance...
UserHomePath: C:\Users\LENOVO
UserDataDirectoryPath: C:\Users\LENOVO\.gcm
GetCurrentDirectory(): C:\xampp\htdocs\Projeck UAS

------------
Diagnostic: Networking
Skipped: False
Success: True
Exception: None
Log:
Checking basic networking and HTTP stack...
Creating HTTP client... OK
IsNetworkAvailable: True
Sending HEAD request to http://example.com... OK
Sending HEAD request to https://example.com... OK
Acquiring free TCP port... OK
Testing local HTTP loopback connections...
Creating new HTTP listener for http://localhost:51366/... OK
Waiting for loopback connection... OK
Writing response... OK
Waiting for response data... OK
Loopback connection data OK
Testing with IHttpClientFactory created HTTP client...
Creating HTTP client... OK
IsNetworkAvailable: True
Sending HEAD request to http://example.com... OK
Sending HEAD request to https://example.com... OK
Acquiring free TCP port... OK
Testing local HTTP loopback connections...
Creating new HTTP listener for http://localhost:51368/... OK
Waiting for loopback connection... OK
Writing response... OK
Waiting for response data... OK
Loopback connection data OK

------------
Diagnostic: Git
Skipped: False
Success: True
Exception: None
Log:
Getting Git version... OK
Git version is '2.38.1.windows.1'
Locating current repository... OK
Git repository at 'C:/xampp/htdocs/Projeck UAS/.git'
Listing all Git configuration... OK
Git configuration:
file:C:/Program Files/Git/etc/gitconfig	diff.astextplain.textconv=astextplain
file:C:/Program Files/Git/etc/gitconfig	filter.lfs.clean=git-lfs clean -- %f
file:C:/Program Files/Git/etc/gitconfig	filter.lfs.smudge=git-lfs smudge -- %f
file:C:/Program Files/Git/etc/gitconfig	filter.lfs.process=git-lfs filter-process
file:C:/Program Files/Git/etc/gitconfig	filter.lfs.required=true
file:C:/Program Files/Git/etc/gitconfig	http.sslbackend=openssl
file:C:/Program Files/Git/etc/gitconfig	http.sslcainfo=C:/Program Files/Git/mingw64/ssl/certs/ca-bundle.crt
file:C:/Program Files/Git/etc/gitconfig	core.autocrlf=true
file:C:/Program Files/Git/etc/gitconfig	core.fscache=true
file:C:/Program Files/Git/etc/gitconfig	core.symlinks=false
file:C:/Program Files/Git/etc/gitconfig	pull.rebase=false
file:C:/Program Files/Git/etc/gitconfig	credential.helper=manager-core
file:C:/Program Files/Git/etc/gitconfig	credential.https://dev.azure.com.usehttppath=true
file:C:/Program Files/Git/etc/gitconfig	init.defaultbranch=master
file:C:/Users/LENOVO/.gitconfig	user.email=aldymuh2263@gmail.com
file:C:/Users/LENOVO/.gitconfig	user.name=mrinaldy22
file:C:/Users/LENOVO/.gitconfig	user.gmail=vandyypy@gmail.com
file:C:/Users/LENOVO/.gitconfig	credential.helper=manager-core
file:C:/Users/LENOVO/.gitconfig	credential.helper=
file:C:/Users/LENOVO/.gitconfig	credential.helper=C:/Program\ Files/Git/mingw64/bin/git-credential-manager-core.exe
file:.git/config	core.repositoryformatversion=0
file:.git/config	core.filemode=false
file:.git/config	core.bare=false
file:.git/config	core.logallrefupdates=true
file:.git/config	core.symlinks=false
file:.git/config	core.ignorecase=true
file:.git/config	remote.origin.url=https://github.com/mrinaldy22/Project-UAS.git
file:.git/config	remote.origin.fetch=+refs/heads/*:refs/remotes/origin/*


------------
Diagnostic: Credential storage
Skipped: False
Success: True
Exception: None
Log:
ICredentialStore instance is of type: CredentialStore
Writing test credential... OK
Reading test credential... OK
Deleting test credential... OK

------------
Diagnostic: Microsoft authentication (AAD/MSA)
Skipped: False
Success: True
Exception: None
Log:
Broker not supported.
Flow type is: Auto
Gathering MSAL token cache data... OK
CacheDirectory: C:\Users\LENOVO\AppData\Local\.IdentityService
CacheFileName: msal.cache
CacheFilePath: C:\Users\LENOVO\AppData\Local\.IdentityService\msal.cache
Creating cache helper... OK
Verifying MSAL token cache persistence... OK

------------
Diagnostic: GitHub API
Skipped: False
Success: True
Exception: None
Log:
Using 'https://github.com/' as API target.
Querying '/meta' endpoint... OK

